<?xml version="1.0" encoding="UTF-8"?>
<!-- Generated by org.testng.reporters.JUnitReportReporter -->
<testsuite hostname="Shamika-Lap" failures="0" tests="1" name="WEB.TC_01_Login" time="39.459" errors="0" timestamp="2023-12-03T12:16:36 IST" skipped="0">
  <testcase classname="WEB.TC_01_Login" name="VerifyTheSuccessLogin" time="39.459"/>
  <system-out/>
</testsuite> <!-- WEB.TC_01_Login -->
